Using pre-set license
Built from '2020.2/release' branch; Version is '2020.2.1f1 (270dd8c3da1c) revision 2559448'; Using compiler version '192528614'; Build Type 'Release'
OS: 'Windows 10  (10.0.0) 64bit' Language: 'en' Physical Memory: 16285 MB
BatchMode: 1, IsHumanControllingUs: 0, StartBugReporterOnCrash: 0, Is64bit: 1, IsPro: 0

 COMMAND LINE ARGUMENTS:
C:\Program Files\Unity\Hub\Editor\2020.2.1f1\Editor\Unity.exe
-adb2
-batchMode
-noUpm
-name
AssetImportWorker0
-projectPath
C:/Users/joels/Documents/GitHub/Voxel-Horror
-logFile
Logs/AssetImportWorker0.log
-srvPort
64226
Successfully changed project path to: C:/Users/joels/Documents/GitHub/Voxel-Horror
C:/Users/joels/Documents/GitHub/Voxel-Horror
Using Asset Import Pipeline V2.
Refreshing native plugins compatible for Editor in 24.24 ms, found 0 plugins.
Preloading 0 native plugins for Editor in 0.00 ms.
Initialize engine version: 2020.2.1f1 (270dd8c3da1c)
[Subsystems] Discovering subsystems at path C:/Program Files/Unity/Hub/Editor/2020.2.1f1/Editor/Data/Resources/UnitySubsystems
[Subsystems] Discovering subsystems at path C:/Users/joels/Documents/GitHub/Voxel-Horror/Assets
GfxDevice: creating device client; threaded=0
Direct3D:
    Version:  Direct3D 11.0 [level 11.1]
    Renderer: NVIDIA GeForce GTX 1070 (ID=0x1b81)
    Vendor:   
    VRAM:     8088 MB
    Driver:   26.21.14.3107
Initialize mono
Mono path[0] = 'C:/Program Files/Unity/Hub/Editor/2020.2.1f1/Editor/Data/Managed'
Mono path[1] = 'C:/Program Files/Unity/Hub/Editor/2020.2.1f1/Editor/Data/MonoBleedingEdge/lib/mono/unityjit'
Mono config path = 'C:/Program Files/Unity/Hub/Editor/2020.2.1f1/Editor/Data/MonoBleedingEdge/etc'
Using monoOptions --debugger-agent=transport=dt_socket,embedding=1,server=y,suspend=n,address=127.0.0.1:56328
Begin MonoManager ReloadAssembly
Registering precompiled unity dll's ...
Register platform support module: C:/Program Files/Unity/Hub/Editor/2020.2.1f1/Editor/Data/PlaybackEngines/WebGLSupport/UnityEditor.WebGL.Extensions.dll
Register platform support module: C:/Program Files/Unity/Hub/Editor/2020.2.1f1/Editor/Data/PlaybackEngines/WindowsStandaloneSupport/UnityEditor.WindowsStandalone.Extensions.dll
Registered in 0.002715 seconds.
Native extension for WindowsStandalone target not found
Native extension for WebGL target not found
Refreshing native plugins compatible for Editor in 21.24 ms, found 0 plugins.
Preloading 0 native plugins for Editor in 0.00 ms.
Invoked RoslynAnalysisRunner static constructor.
RoslynAnalysisRunner will not be running.
RoslynAnalysisRunner has terminated.
Mono: successfully reloaded assembly
- Completed reload, in  1.155 seconds
Platform modules already initialized, skipping
Registering precompiled user dll's ...
Registered in 0.000693 seconds.
Begin MonoManager ReloadAssembly
Native extension for WindowsStandalone target not found
Native extension for WebGL target not found
Refreshing native plugins compatible for Editor in 0.19 ms, found 0 plugins.
Preloading 0 native plugins for Editor in 0.00 ms.
Invoked RoslynAnalysisRunner static constructor.
RoslynAnalysisRunner will not be running.
RoslynAnalysisRunner has terminated.
Mono: successfully reloaded assembly
- Completed reload, in  0.743 seconds
Platform modules already initialized, skipping
========================================================================
Worker process is ready to serve import requests
Launched and connected shader compiler UnityShaderCompiler.exe after 0.03 seconds
Refreshing native plugins compatible for Editor in 0.20 ms, found 0 plugins.
Preloading 0 native plugins for Editor in 0.00 ms.
Unloading 1099 Unused Serialized files (Serialized files now loaded: 0)
System memory in use before: 57.4 MB.
System memory in use after: 57.5 MB.

Unloading 10 unused Assets to reduce memory usage. Loaded Objects now: 1541.
Total: 2.129300 ms (FindLiveObjects: 0.195000 ms CreateObjectMapping: 0.067200 ms MarkObjects: 1.773200 ms  DeleteObjects: 0.093000 ms)

========================================================================
Received Import Request.
  path: Assets/ZombiePackage/Package/vox
  artifactKey: Guid(93d342abb4ec85f4e9c8ea12539c3308) Importer(815301076,1909f56bfc062723c751e8b465ee728b)
Start importing Assets/ZombiePackage/Package/vox using Guid(93d342abb4ec85f4e9c8ea12539c3308) Importer(815301076,1909f56bfc062723c751e8b465ee728b)  -> (artifact id: 'b7c097a62fc131dd0e6271fa3f20bfa8') in 0.008589 seconds
  Import took 0.010341 seconds .

========================================================================
Received Import Request.
  Time since last request: 0.000291 seconds.
  path: Assets/ZombiePackage
  artifactKey: Guid(f0db809eca0aeb240836ab7e5adc1082) Importer(815301076,1909f56bfc062723c751e8b465ee728b)
Start importing Assets/ZombiePackage using Guid(f0db809eca0aeb240836ab7e5adc1082) Importer(815301076,1909f56bfc062723c751e8b465ee728b)  -> (artifact id: '92e4c8be169841120d47c53f5b41a4ca') in 0.006818 seconds
  Import took 0.008646 seconds .

========================================================================
Received Import Request.
  Time since last request: 0.000188 seconds.
  path: Assets/ZombiePackage/Package
  artifactKey: Guid(7f16bb345c9240149acbf5c5e38ad07d) Importer(815301076,1909f56bfc062723c751e8b465ee728b)
Start importing Assets/ZombiePackage/Package using Guid(7f16bb345c9240149acbf5c5e38ad07d) Importer(815301076,1909f56bfc062723c751e8b465ee728b)  -> (artifact id: 'c2d3cbcfe46188557fb5689e91734fee') in 0.007224 seconds
  Import took 0.008890 seconds .

========================================================================
Received Import Request.
  Time since last request: 1.498280 seconds.
  path: Assets/ZombiePackage/Package/vox/Zeds-1-Zed_2.vox
  artifactKey: Guid(2b3b5efcaad49754f8f59140635aa07d) Importer(815301076,1909f56bfc062723c751e8b465ee728b)
Start importing Assets/ZombiePackage/Package/vox/Zeds-1-Zed_2.vox using Guid(2b3b5efcaad49754f8f59140635aa07d) Importer(815301076,1909f56bfc062723c751e8b465ee728b)  -> (artifact id: '2af6c2b90bda3c9d184db6daa711e30c') in 0.031996 seconds
  Import took 0.033772 seconds .

========================================================================
Received Import Request.
  Time since last request: 2.299720 seconds.
  path: Assets/ZombiePackage/Package/OBJ
  artifactKey: Guid(72d0e344450e3c540862ad64d8ec197e) Importer(815301076,1909f56bfc062723c751e8b465ee728b)
Start importing Assets/ZombiePackage/Package/OBJ using Guid(72d0e344450e3c540862ad64d8ec197e) Importer(815301076,1909f56bfc062723c751e8b465ee728b)  -> (artifact id: 'ee290749caa4e0d6f0c41492e1c80931') in 0.005895 seconds
  Import took 0.007909 seconds .

========================================================================
Received Import Request.
  Time since last request: 0.087762 seconds.
  path: Assets/ZombiePackage/Package/OBJ/Zed_1.obj
  artifactKey: Guid(5d7d5c1681b575f4c80bc6dd2b530a94) Importer(815301076,1909f56bfc062723c751e8b465ee728b)
Start importing Assets/ZombiePackage/Package/OBJ/Zed_1.obj using Guid(5d7d5c1681b575f4c80bc6dd2b530a94) Importer(815301076,1909f56bfc062723c751e8b465ee728b)  -> (artifact id: 'e824901532e7f0a801eb02c8956fedc6') in 0.168881 seconds
  Import took 0.170644 seconds .

========================================================================
Received Import Request.
  Time since last request: 0.000270 seconds.
  path: Assets/ZombiePackage/Package/OBJ/Zed_3.obj
  artifactKey: Guid(625a5c648f5d48c428089c7b667266bf) Importer(815301076,1909f56bfc062723c751e8b465ee728b)
Start importing Assets/ZombiePackage/Package/OBJ/Zed_3.obj using Guid(625a5c648f5d48c428089c7b667266bf) Importer(815301076,1909f56bfc062723c751e8b465ee728b)  -> (artifact id: '01bd39d83876966b6e4fe5dd9d720904') in 0.023562 seconds
  Import took 0.025316 seconds .

========================================================================
Received Import Request.
  Time since last request: 0.000232 seconds.
  path: Assets/ZombiePackage/Package/OBJ/Zed_6.obj
  artifactKey: Guid(d1423027e5c73de40aeecc525e2f051c) Importer(815301076,1909f56bfc062723c751e8b465ee728b)
Start importing Assets/ZombiePackage/Package/OBJ/Zed_6.obj using Guid(d1423027e5c73de40aeecc525e2f051c) Importer(815301076,1909f56bfc062723c751e8b465ee728b)  -> (artifact id: '3402aa263bc1c5de0fecbb52e46e85ed') in 0.031259 seconds
  Import took 0.033009 seconds .

========================================================================
Received Import Request.
  Time since last request: 0.000299 seconds.
  path: Assets/ZombiePackage/Package/OBJ/Zed_1.png
  artifactKey: Guid(ed0dcdffdaf89c8428b848b195207fd1) Importer(815301076,1909f56bfc062723c751e8b465ee728b)
Start importing Assets/ZombiePackage/Package/OBJ/Zed_1.png using Guid(ed0dcdffdaf89c8428b848b195207fd1) Importer(815301076,1909f56bfc062723c751e8b465ee728b)  -> (artifact id: '45692b9f0bd4bc4c8969ba5380de5539') in 0.030448 seconds
  Import took 0.032248 seconds .

========================================================================
Received Import Request.
  Time since last request: 0.000278 seconds.
  path: Assets/ZombiePackage/Package/OBJ/Zed_2.png
  artifactKey: Guid(f06c870ef9116344b901a110691a1c4a) Importer(815301076,1909f56bfc062723c751e8b465ee728b)
Start importing Assets/ZombiePackage/Package/OBJ/Zed_2.png using Guid(f06c870ef9116344b901a110691a1c4a) Importer(815301076,1909f56bfc062723c751e8b465ee728b)  -> (artifact id: 'dc05038f530185d1fd6121ffa61bd5b6') in 0.010728 seconds
  Import took 0.012712 seconds .

========================================================================
Received Import Request.
  Time since last request: 0.000288 seconds.
  path: Assets/ZombiePackage/Package/OBJ/Zed_4.obj
  artifactKey: Guid(3835ca47b340d0140add08de9e06595e) Importer(815301076,1909f56bfc062723c751e8b465ee728b)
Start importing Assets/ZombiePackage/Package/OBJ/Zed_4.obj using Guid(3835ca47b340d0140add08de9e06595e) Importer(815301076,1909f56bfc062723c751e8b465ee728b)  -> (artifact id: '51d37ef4c7ffeb9a5d7ce1f560589826') in 0.023863 seconds
  Import took 0.026561 seconds .

========================================================================
Received Import Request.
  Time since last request: 0.000340 seconds.
  path: Assets/ZombiePackage/Package/OBJ/Zed_4.png
  artifactKey: Guid(61056264a4f5f9a4d93321a86e7ca5d7) Importer(815301076,1909f56bfc062723c751e8b465ee728b)
Start importing Assets/ZombiePackage/Package/OBJ/Zed_4.png using Guid(61056264a4f5f9a4d93321a86e7ca5d7) Importer(815301076,1909f56bfc062723c751e8b465ee728b)  -> (artifact id: '006d4f94b9de4cbb9b2f1f819b67dd7b') in 0.036912 seconds
  Import took 0.039145 seconds .

========================================================================
Received Import Request.
  Time since last request: 0.000256 seconds.
  path: Assets/ZombiePackage/Package/OBJ/Zed_5.png
  artifactKey: Guid(909fca641772cff4982d555235048554) Importer(815301076,1909f56bfc062723c751e8b465ee728b)
Start importing Assets/ZombiePackage/Package/OBJ/Zed_5.png using Guid(909fca641772cff4982d555235048554) Importer(815301076,1909f56bfc062723c751e8b465ee728b)  -> (artifact id: '3dba81b69d0317220c5ac703b8224ca2') in 0.010947 seconds
  Import took 0.012657 seconds .

========================================================================
Received Import Request.
  Time since last request: 0.000302 seconds.
  path: Assets/ZombiePackage/Package/OBJ/Zed_2.obj
  artifactKey: Guid(9f232e575695a3842a786d3d9b79c3e0) Importer(815301076,1909f56bfc062723c751e8b465ee728b)
Start importing Assets/ZombiePackage/Package/OBJ/Zed_2.obj using Guid(9f232e575695a3842a786d3d9b79c3e0) Importer(815301076,1909f56bfc062723c751e8b465ee728b)  -> (artifact id: '564d9ddb9345c72dcf0e2c3a3a2a3181') in 0.025323 seconds
  Import took 0.027378 seconds .

========================================================================
Received Import Request.
  Time since last request: 0.000296 seconds.
  path: Assets/ZombiePackage/Package/OBJ/Zed_6.png
  artifactKey: Guid(417990bc56d92594d9f9e31b75d6bcb2) Importer(815301076,1909f56bfc062723c751e8b465ee728b)
Start importing Assets/ZombiePackage/Package/OBJ/Zed_6.png using Guid(417990bc56d92594d9f9e31b75d6bcb2) Importer(815301076,1909f56bfc062723c751e8b465ee728b)  -> (artifact id: '0b04d0d13500aad3bff7a4b5c28be314') in 0.008270 seconds
  Import took 0.010327 seconds .

========================================================================
Received Import Request.
  Time since last request: 0.000304 seconds.
  path: Assets/ZombiePackage/Package/OBJ/Zed_5.obj
  artifactKey: Guid(ce9484c1f89742f48a9d8b2e1841980c) Importer(815301076,1909f56bfc062723c751e8b465ee728b)
Start importing Assets/ZombiePackage/Package/OBJ/Zed_5.obj using Guid(ce9484c1f89742f48a9d8b2e1841980c) Importer(815301076,1909f56bfc062723c751e8b465ee728b)  -> (artifact id: 'fac8e26f2b963584f0f462300c3aac40') in 0.032032 seconds
  Import took 0.034137 seconds .

========================================================================
Received Import Request.
  Time since last request: 0.000274 seconds.
  path: Assets/ZombiePackage/Package/OBJ/Zed_3.png
  artifactKey: Guid(72fb8bf361398b5449abce5c2f749d70) Importer(815301076,1909f56bfc062723c751e8b465ee728b)
Start importing Assets/ZombiePackage/Package/OBJ/Zed_3.png using Guid(72fb8bf361398b5449abce5c2f749d70) Importer(815301076,1909f56bfc062723c751e8b465ee728b)  -> (artifact id: '99c6b3584539a1a24332b774da8821d5') in 0.005972 seconds
  Import took 0.007928 seconds .

========================================================================
Received Import Request.
  Time since last request: 2.749559 seconds.
  path: Assets/ZombiePackage/Extra
  artifactKey: Guid(1fd847efe9ec6174c9321bbf6ccde0cc) Importer(815301076,1909f56bfc062723c751e8b465ee728b)
Start importing Assets/ZombiePackage/Extra using Guid(1fd847efe9ec6174c9321bbf6ccde0cc) Importer(815301076,1909f56bfc062723c751e8b465ee728b)  -> (artifact id: 'd75a4300a9f6eca4659ffab8a38a465f') in 0.006179 seconds
  Import took 0.007929 seconds .

========================================================================
Received Import Request.
  Time since last request: 0.981853 seconds.
  path: Assets/ZombiePackage/Extra/Zed_Skinned
  artifactKey: Guid(346669f70811f0d4b943091fb75a8888) Importer(815301076,1909f56bfc062723c751e8b465ee728b)
Start importing Assets/ZombiePackage/Extra/Zed_Skinned using Guid(346669f70811f0d4b943091fb75a8888) Importer(815301076,1909f56bfc062723c751e8b465ee728b)  -> (artifact id: '75cbc7f1273b9f369504653f68ffb207') in 0.006504 seconds
  Import took 0.008337 seconds .

========================================================================
Received Import Request.
  Time since last request: 0.063726 seconds.
  path: Assets/ZombiePackage/Extra/Zed_Skinned/Zed_1_Skinned.fbx
  artifactKey: Guid(5c9947927f52d324a9ec6de6f56348c8) Importer(815301076,1909f56bfc062723c751e8b465ee728b)
Start importing Assets/ZombiePackage/Extra/Zed_Skinned/Zed_1_Skinned.fbx using Guid(5c9947927f52d324a9ec6de6f56348c8) Importer(815301076,1909f56bfc062723c751e8b465ee728b)  -> (artifact id: 'f02b77a78af0bfa5c5aa8ac6faddc82a') in 0.115198 seconds
  Import took 0.117195 seconds .

========================================================================
Received Import Request.
  Time since last request: 0.000278 seconds.
  path: Assets/ZombiePackage/Extra/Zed_Skinned/Zed_4_Skinned.fbx
  artifactKey: Guid(626d922c911b90c42a4d20adf57697a8) Importer(815301076,1909f56bfc062723c751e8b465ee728b)
Start importing Assets/ZombiePackage/Extra/Zed_Skinned/Zed_4_Skinned.fbx using Guid(626d922c911b90c42a4d20adf57697a8) Importer(815301076,1909f56bfc062723c751e8b465ee728b)  -> (artifact id: '9bcd151f37923957a10cea96bb40157d') in 0.029851 seconds
  Import took 0.031791 seconds .

========================================================================
Received Import Request.
  Time since last request: 0.000286 seconds.
  path: Assets/ZombiePackage/Extra/Zed_Skinned/Zed_3_Skinned.fbx
  artifactKey: Guid(b02b9a4796befbc40b993649101a34ae) Importer(815301076,1909f56bfc062723c751e8b465ee728b)
Start importing Assets/ZombiePackage/Extra/Zed_Skinned/Zed_3_Skinned.fbx using Guid(b02b9a4796befbc40b993649101a34ae) Importer(815301076,1909f56bfc062723c751e8b465ee728b)  -> (artifact id: 'e332ea508ce1773d025dd917c5beb387') in 0.028231 seconds
  Import took 0.030310 seconds .

========================================================================
Received Import Request.
  Time since last request: 0.000341 seconds.
  path: Assets/ZombiePackage/Extra/Zed_Skinned/Zed_6_Skinned.fbx
  artifactKey: Guid(943f3d91cc1d30e44b2e109ff194bc8c) Importer(815301076,1909f56bfc062723c751e8b465ee728b)
Start importing Assets/ZombiePackage/Extra/Zed_Skinned/Zed_6_Skinned.fbx using Guid(943f3d91cc1d30e44b2e109ff194bc8c) Importer(815301076,1909f56bfc062723c751e8b465ee728b)  -> (artifact id: '98da0089b73461077cdb32d66830d62a') in 0.028682 seconds
  Import took 0.030618 seconds .

========================================================================
Received Import Request.
  Time since last request: 0.000264 seconds.
  path: Assets/ZombiePackage/Extra/Zed_Skinned/Zed_5_Skinned.fbx
  artifactKey: Guid(e4a67d281dbfbee4287959b334752257) Importer(815301076,1909f56bfc062723c751e8b465ee728b)
Start importing Assets/ZombiePackage/Extra/Zed_Skinned/Zed_5_Skinned.fbx using Guid(e4a67d281dbfbee4287959b334752257) Importer(815301076,1909f56bfc062723c751e8b465ee728b)  -> (artifact id: 'cd80ab58d5704a038ff9940015f9bf1d') in 0.028700 seconds
  Import took 0.030441 seconds .

========================================================================
Received Import Request.
  Time since last request: 0.000268 seconds.
  path: Assets/ZombiePackage/Extra/Zed_Skinned/Zed_2_Skinned.fbx
  artifactKey: Guid(fee189d996a56a142b56c8714a8eac7b) Importer(815301076,1909f56bfc062723c751e8b465ee728b)
Start importing Assets/ZombiePackage/Extra/Zed_Skinned/Zed_2_Skinned.fbx using Guid(fee189d996a56a142b56c8714a8eac7b) Importer(815301076,1909f56bfc062723c751e8b465ee728b)  -> (artifact id: 'de1746fae8f3b4916032a901fdd3b49a') in 0.024761 seconds
  Import took 0.026549 seconds .

========================================================================
Received Prepare
Registering precompiled user dll's ...
Registered in 0.000847 seconds.
Begin MonoManager ReloadAssembly
Native extension for WindowsStandalone target not found
Native extension for WebGL target not found
Refreshing native plugins compatible for Editor in 0.21 ms, found 0 plugins.
Preloading 0 native plugins for Editor in 0.00 ms.
Invoked RoslynAnalysisRunner static constructor.
RoslynAnalysisRunner will not be running.
RoslynAnalysisRunner has terminated.
Mono: successfully reloaded assembly
- Completed reload, in  0.707 seconds
Platform modules already initialized, skipping
Refreshing native plugins compatible for Editor in 0.20 ms, found 0 plugins.
Preloading 0 native plugins for Editor in 0.00 ms.
Unloading 1094 Unused Serialized files (Serialized files now loaded: 0)
System memory in use before: 72.2 MB.
System memory in use after: 72.3 MB.

Unloading 5 unused Assets to reduce memory usage. Loaded Objects now: 1589.
Total: 2.083500 ms (FindLiveObjects: 0.160100 ms CreateObjectMapping: 0.032900 ms MarkObjects: 1.812900 ms  DeleteObjects: 0.076400 ms)

AssetImportWorkerClient::OnTransportError - code=2 error=End of file
