Using pre-set license
Built from '2020.2/release' branch; Version is '2020.2.1f1 (270dd8c3da1c) revision 2559448'; Using compiler version '192528614'; Build Type 'Release'
OS: 'Windows 10  (10.0.0) 64bit' Language: 'en' Physical Memory: 16285 MB
BatchMode: 1, IsHumanControllingUs: 0, StartBugReporterOnCrash: 0, Is64bit: 1, IsPro: 0

 COMMAND LINE ARGUMENTS:
C:\Program Files\Unity\Hub\Editor\2020.2.1f1\Editor\Unity.exe
-adb2
-batchMode
-noUpm
-name
AssetImportWorker0
-projectPath
C:/Users/joels/Documents/GitHub/Voxel-Horror
-logFile
Logs/AssetImportWorker0.log
-srvPort
61090
Successfully changed project path to: C:/Users/joels/Documents/GitHub/Voxel-Horror
C:/Users/joels/Documents/GitHub/Voxel-Horror
Using Asset Import Pipeline V2.
Refreshing native plugins compatible for Editor in 27.16 ms, found 0 plugins.
Preloading 0 native plugins for Editor in 0.00 ms.
Initialize engine version: 2020.2.1f1 (270dd8c3da1c)
[Subsystems] Discovering subsystems at path C:/Program Files/Unity/Hub/Editor/2020.2.1f1/Editor/Data/Resources/UnitySubsystems
[Subsystems] Discovering subsystems at path C:/Users/joels/Documents/GitHub/Voxel-Horror/Assets
GfxDevice: creating device client; threaded=0
Direct3D:
    Version:  Direct3D 11.0 [level 11.1]
    Renderer: NVIDIA GeForce GTX 1070 (ID=0x1b81)
    Vendor:   
    VRAM:     8088 MB
    Driver:   26.21.14.3107
Initialize mono
Mono path[0] = 'C:/Program Files/Unity/Hub/Editor/2020.2.1f1/Editor/Data/Managed'
Mono path[1] = 'C:/Program Files/Unity/Hub/Editor/2020.2.1f1/Editor/Data/MonoBleedingEdge/lib/mono/unityjit'
Mono config path = 'C:/Program Files/Unity/Hub/Editor/2020.2.1f1/Editor/Data/MonoBleedingEdge/etc'
Using monoOptions --debugger-agent=transport=dt_socket,embedding=1,server=y,suspend=n,address=127.0.0.1:56412
Begin MonoManager ReloadAssembly
Registering precompiled unity dll's ...
Register platform support module: C:/Program Files/Unity/Hub/Editor/2020.2.1f1/Editor/Data/PlaybackEngines/WebGLSupport/UnityEditor.WebGL.Extensions.dll
Register platform support module: C:/Program Files/Unity/Hub/Editor/2020.2.1f1/Editor/Data/PlaybackEngines/WindowsStandaloneSupport/UnityEditor.WindowsStandalone.Extensions.dll
Registered in 0.002471 seconds.
Native extension for WindowsStandalone target not found
Native extension for WebGL target not found
Refreshing native plugins compatible for Editor in 24.70 ms, found 0 plugins.
Preloading 0 native plugins for Editor in 0.00 ms.
Invoked RoslynAnalysisRunner static constructor.
RoslynAnalysisRunner will not be running.
RoslynAnalysisRunner has terminated.
Mono: successfully reloaded assembly
- Completed reload, in  1.222 seconds
Platform modules already initialized, skipping
Registering precompiled user dll's ...
Registered in 0.001258 seconds.
Begin MonoManager ReloadAssembly
Native extension for WindowsStandalone target not found
Native extension for WebGL target not found
Refreshing native plugins compatible for Editor in 0.21 ms, found 0 plugins.
Preloading 0 native plugins for Editor in 0.00 ms.
Invoked RoslynAnalysisRunner static constructor.
RoslynAnalysisRunner will not be running.
RoslynAnalysisRunner has terminated.
Mono: successfully reloaded assembly
- Completed reload, in  0.791 seconds
Platform modules already initialized, skipping
========================================================================
Worker process is ready to serve import requests
Launched and connected shader compiler UnityShaderCompiler.exe after 0.04 seconds
Refreshing native plugins compatible for Editor in 0.23 ms, found 0 plugins.
Preloading 0 native plugins for Editor in 0.00 ms.
Unloading 1101 Unused Serialized files (Serialized files now loaded: 0)
System memory in use before: 57.8 MB.
System memory in use after: 57.9 MB.

Unloading 10 unused Assets to reduce memory usage. Loaded Objects now: 1545.
Total: 1.847800 ms (FindLiveObjects: 0.199200 ms CreateObjectMapping: 0.063700 ms MarkObjects: 1.527800 ms  DeleteObjects: 0.055700 ms)

========================================================================
Received Import Request.
  path: Assets/Scenes/JokeDeath.unity
  artifactKey: Guid(e624c76cae6e79a4aa985faf6936dee2) Importer(815301076,1909f56bfc062723c751e8b465ee728b)
Start importing Assets/Scenes/JokeDeath.unity using Guid(e624c76cae6e79a4aa985faf6936dee2) Importer(815301076,1909f56bfc062723c751e8b465ee728b)  -> (artifact id: '1425f11ba953e1543205639dbb20d1fb') in 0.018476 seconds
  Import took 0.109455 seconds .

========================================================================
Received Import Request.
  Time since last request: 379.752642 seconds.
  path: Assets/Scripts/Zombies/Crawler.cs
  artifactKey: Guid(42b851f3ffe31a546acc7c308ae8a2cd) Importer(815301076,1909f56bfc062723c751e8b465ee728b)
Start importing Assets/Scripts/Zombies/Crawler.cs using Guid(42b851f3ffe31a546acc7c308ae8a2cd) Importer(815301076,1909f56bfc062723c751e8b465ee728b)  -> (artifact id: 'a7b8d097c7f3b8a980f1d38b8c9ef710') in 0.229187 seconds
  Import took 0.304548 seconds .

========================================================================
Received Import Request.
  Time since last request: 502.333079 seconds.
  path: Assets/Animations/Mixamo/Running Crawl.anim
  artifactKey: Guid(7358c611f2608104abbe024570c0e4fa) Importer(815301076,1909f56bfc062723c751e8b465ee728b)
Start importing Assets/Animations/Mixamo/Running Crawl.anim using Guid(7358c611f2608104abbe024570c0e4fa) Importer(815301076,1909f56bfc062723c751e8b465ee728b)  -> (artifact id: 'c3c78b81db67f5e3f024a5f43828a41a') in 0.046903 seconds
  Import took 0.049717 seconds .

========================================================================
Received Import Request.
  Time since last request: 0.429091 seconds.
  path: Assets/Animations/Mixamo/Zombie Attack.anim
  artifactKey: Guid(d8412e2ee31c18344bd6e5ec6a3a72ed) Importer(815301076,1909f56bfc062723c751e8b465ee728b)
Start importing Assets/Animations/Mixamo/Zombie Attack.anim using Guid(d8412e2ee31c18344bd6e5ec6a3a72ed) Importer(815301076,1909f56bfc062723c751e8b465ee728b)  -> (artifact id: 'e4ca5a5329ee2bea6c32006926711f8f') in 0.014574 seconds
  Import took 0.016961 seconds .

========================================================================
Received Import Request.
  Time since last request: 0.001361 seconds.
  path: Assets/Animations/Mixamo/Zombie Attack.anim
  artifactKey: Guid(d8412e2ee31c18344bd6e5ec6a3a72ed) Importer(815301076,1909f56bfc062723c751e8b465ee728b)
Start importing Assets/Animations/Mixamo/Zombie Attack.anim using Guid(d8412e2ee31c18344bd6e5ec6a3a72ed) Importer(815301076,1909f56bfc062723c751e8b465ee728b)  -> (artifact id: 'e4ca5a5329ee2bea6c32006926711f8f') in 0.008997 seconds
  Import took 0.011231 seconds .

========================================================================
Received Import Request.
  Time since last request: 1.380090 seconds.
  path: Assets/Animations/Mixamo/Zombie Bite 2.anim
  artifactKey: Guid(6069559ab5f9cb449965d1ad91d34440) Importer(815301076,1909f56bfc062723c751e8b465ee728b)
Start importing Assets/Animations/Mixamo/Zombie Bite 2.anim using Guid(6069559ab5f9cb449965d1ad91d34440) Importer(815301076,1909f56bfc062723c751e8b465ee728b)  -> (artifact id: '6f627bbe05ef3204b8fb8bc1693a583c') in 0.016738 seconds
  Import took 0.020180 seconds .

========================================================================
Received Import Request.
  Time since last request: 0.001345 seconds.
  path: Assets/Animations/Mixamo/Zombie Bite 2.anim
  artifactKey: Guid(6069559ab5f9cb449965d1ad91d34440) Importer(815301076,1909f56bfc062723c751e8b465ee728b)
Start importing Assets/Animations/Mixamo/Zombie Bite 2.anim using Guid(6069559ab5f9cb449965d1ad91d34440) Importer(815301076,1909f56bfc062723c751e8b465ee728b)  -> (artifact id: '6f627bbe05ef3204b8fb8bc1693a583c') in 0.009202 seconds
  Import took 0.011548 seconds .

========================================================================
Received Import Request.
  Time since last request: 0.406442 seconds.
  path: Assets/Animations/Mixamo/Zombie Biting.anim
  artifactKey: Guid(16d5ae19d77a808498c57646c74a0611) Importer(815301076,1909f56bfc062723c751e8b465ee728b)
Start importing Assets/Animations/Mixamo/Zombie Biting.anim using Guid(16d5ae19d77a808498c57646c74a0611) Importer(815301076,1909f56bfc062723c751e8b465ee728b)  -> (artifact id: '9438a98bff2d5b3290a4e0dff562f583') in 0.028128 seconds
  Import took 0.030530 seconds .

========================================================================
Received Import Request.
  Time since last request: 1.406978 seconds.
  path: Assets/Animations/Mixamo/Zombie Crawl.anim
  artifactKey: Guid(866acb3f45c1f1b40aa37e0ede934e6e) Importer(815301076,1909f56bfc062723c751e8b465ee728b)
Start importing Assets/Animations/Mixamo/Zombie Crawl.anim using Guid(866acb3f45c1f1b40aa37e0ede934e6e) Importer(815301076,1909f56bfc062723c751e8b465ee728b)  -> (artifact id: '3a87843ff05bf5da5f2c36241555870f') in 0.021681 seconds
  Import took 0.023981 seconds .

========================================================================
Received Import Request.
  Time since last request: 0.721156 seconds.
  path: Assets/Animations/Mixamo/Zombie Death.anim
  artifactKey: Guid(63f78549c19e9b5489096154a3aa849d) Importer(815301076,1909f56bfc062723c751e8b465ee728b)
Start importing Assets/Animations/Mixamo/Zombie Death.anim using Guid(63f78549c19e9b5489096154a3aa849d) Importer(815301076,1909f56bfc062723c751e8b465ee728b)  -> (artifact id: 'e99d8eade2f447f1515cf41d04c34c88') in 0.019386 seconds
  Import took 0.021348 seconds .

========================================================================
Received Import Request.
  Time since last request: 168.313791 seconds.
  path: Assets/Animations/Mixamo/Laying Seizure.fbx
  artifactKey: Guid(7f84b2256ae1c5f49850c0ff25061ca3) Importer(815301076,1909f56bfc062723c751e8b465ee728b)
Start importing Assets/Animations/Mixamo/Laying Seizure.fbx using Guid(7f84b2256ae1c5f49850c0ff25061ca3) Importer(815301076,1909f56bfc062723c751e8b465ee728b)  -> (artifact id: 'c4d16c6ebdf9a739daac4a811184277f') in 0.350467 seconds
  Import took 0.353135 seconds .

========================================================================
Received Import Request.
  Time since last request: 4.303856 seconds.
  path: Assets/Animations/Mixamo/mixamo.com.anim
  artifactKey: Guid(f9420f1573bf7d547bf3a250ee1db6e3) Importer(815301076,1909f56bfc062723c751e8b465ee728b)
Start importing Assets/Animations/Mixamo/mixamo.com.anim using Guid(f9420f1573bf7d547bf3a250ee1db6e3) Importer(815301076,1909f56bfc062723c751e8b465ee728b)  -> (artifact id: '3ae05a7a2f0960fa1c2020095fd71205') in 0.027866 seconds
  Import took 0.030660 seconds .

========================================================================
Received Import Request.
  Time since last request: 8.643363 seconds.
  path: Assets/Animations/Mixamo/Laying Seizure.anim
  artifactKey: Guid(f9420f1573bf7d547bf3a250ee1db6e3) Importer(815301076,1909f56bfc062723c751e8b465ee728b)
Start importing Assets/Animations/Mixamo/Laying Seizure.anim using Guid(f9420f1573bf7d547bf3a250ee1db6e3) Importer(815301076,1909f56bfc062723c751e8b465ee728b)  -> (artifact id: 'cef6469dde7eba6f44a08737b817d19f') in 0.023350 seconds
  Import took 0.080042 seconds .

========================================================================
Received Import Request.
  Time since last request: 2.208911 seconds.
  path: Assets/Animations/Mixamo/Laying Seizure.anim
  artifactKey: Guid(f9420f1573bf7d547bf3a250ee1db6e3) Importer(815301076,1909f56bfc062723c751e8b465ee728b)
Start importing Assets/Animations/Mixamo/Laying Seizure.anim using Guid(f9420f1573bf7d547bf3a250ee1db6e3) Importer(815301076,1909f56bfc062723c751e8b465ee728b)  -> (artifact id: '42aa308af6a3a112837cac98a05c4a9e') in 0.021978 seconds
  Import took 0.024420 seconds .

========================================================================
Received Import Request.
  Time since last request: 85.319916 seconds.
  path: Assets/Animations/Mixamo/Laying Vomiting.fbx
  artifactKey: Guid(fcc96db71d63864439170051bbbd6d5e) Importer(815301076,1909f56bfc062723c751e8b465ee728b)
Start importing Assets/Animations/Mixamo/Laying Vomiting.fbx using Guid(fcc96db71d63864439170051bbbd6d5e) Importer(815301076,1909f56bfc062723c751e8b465ee728b)  -> (artifact id: '1706b94c49b4240dc5991a1a21c1ae29') in 0.035972 seconds
  Import took 0.039419 seconds .

========================================================================
Received Import Request.
  Time since last request: 2.267705 seconds.
  path: Assets/Animations/Mixamo/mixamo.com.anim
  artifactKey: Guid(8933841d74c25bd439bab86ce079e0d2) Importer(815301076,1909f56bfc062723c751e8b465ee728b)
Start importing Assets/Animations/Mixamo/mixamo.com.anim using Guid(8933841d74c25bd439bab86ce079e0d2) Importer(815301076,1909f56bfc062723c751e8b465ee728b)  -> (artifact id: '0a8920391a12890bc869fe75e9011908') in 0.006659 seconds
  Import took 0.008507 seconds .

========================================================================
Received Import Request.
  Time since last request: 8.229113 seconds.
  path: Assets/Animations/Mixamo/Laying Vomiting.anim
  artifactKey: Guid(8933841d74c25bd439bab86ce079e0d2) Importer(815301076,1909f56bfc062723c751e8b465ee728b)
Start importing Assets/Animations/Mixamo/Laying Vomiting.anim using Guid(8933841d74c25bd439bab86ce079e0d2) Importer(815301076,1909f56bfc062723c751e8b465ee728b)  -> (artifact id: '4b7a403aa092219e94f409bd8e75514c') in 0.064754 seconds
  Import took 0.068079 seconds .

========================================================================
Received Import Request.
  Time since last request: 33.830381 seconds.
  path: Assets/Animations/Mixamo/Laying Sleeping.fbx
  artifactKey: Guid(403cf91d0c787bc4cbfad103ceb2cfe4) Importer(815301076,1909f56bfc062723c751e8b465ee728b)
Start importing Assets/Animations/Mixamo/Laying Sleeping.fbx using Guid(403cf91d0c787bc4cbfad103ceb2cfe4) Importer(815301076,1909f56bfc062723c751e8b465ee728b)  -> (artifact id: 'c3ad58ba84cc31fbad53bf9993aaf72a') in 0.032390 seconds
  Import took 0.035470 seconds .

========================================================================
Received Import Request.
  Time since last request: 2.972371 seconds.
  path: Assets/Animations/Mixamo/mixamo.com.anim
  artifactKey: Guid(c0ee3486ae221aa44bffb16f8306f17d) Importer(815301076,1909f56bfc062723c751e8b465ee728b)
Start importing Assets/Animations/Mixamo/mixamo.com.anim using Guid(c0ee3486ae221aa44bffb16f8306f17d) Importer(815301076,1909f56bfc062723c751e8b465ee728b)  -> (artifact id: '1dcf169dcb5b94f8de8d0d80b2d5b324') in 0.005713 seconds
  Import took 0.008115 seconds .

========================================================================
Received Import Request.
  Time since last request: 14.846301 seconds.
  path: Assets/Animations/Mixamo/Laying Sleeping.anim
  artifactKey: Guid(c0ee3486ae221aa44bffb16f8306f17d) Importer(815301076,1909f56bfc062723c751e8b465ee728b)
Start importing Assets/Animations/Mixamo/Laying Sleeping.anim using Guid(c0ee3486ae221aa44bffb16f8306f17d) Importer(815301076,1909f56bfc062723c751e8b465ee728b)  -> (artifact id: '4f59b36689db39066620df6746703a9f') in 0.004924 seconds
  Import took 0.007733 seconds .

========================================================================
Received Import Request.
  Time since last request: 97.152453 seconds.
  path: Assets/Animations/Mixamo/Sleeping Idle.fbx
  artifactKey: Guid(2fe82d801686b4041b4af38b801923de) Importer(815301076,1909f56bfc062723c751e8b465ee728b)
Start importing Assets/Animations/Mixamo/Sleeping Idle.fbx using Guid(2fe82d801686b4041b4af38b801923de) Importer(815301076,1909f56bfc062723c751e8b465ee728b)  -> (artifact id: '456adc83ecfab992449e88ec6b8d2a26') in 0.032997 seconds
  Import took 0.036425 seconds .

========================================================================
Received Import Request.
  Time since last request: 2.906175 seconds.
  path: Assets/Animations/Mixamo/mixamo.com.anim
  artifactKey: Guid(3daece51491b1974a91d94386a65542c) Importer(815301076,1909f56bfc062723c751e8b465ee728b)
Start importing Assets/Animations/Mixamo/mixamo.com.anim using Guid(3daece51491b1974a91d94386a65542c) Importer(815301076,1909f56bfc062723c751e8b465ee728b)  -> (artifact id: 'cf1e2c7e225186ba60dfdefe9eba88d8') in 0.006389 seconds
  Import took 0.008468 seconds .

========================================================================
Received Import Request.
  Time since last request: 7.646470 seconds.
  path: Assets/Animations/Mixamo/Sleeping idle.anim
  artifactKey: Guid(3daece51491b1974a91d94386a65542c) Importer(815301076,1909f56bfc062723c751e8b465ee728b)
Start importing Assets/Animations/Mixamo/Sleeping idle.anim using Guid(3daece51491b1974a91d94386a65542c) Importer(815301076,1909f56bfc062723c751e8b465ee728b)  -> (artifact id: 'd11a8802c839f9838111fafeb0a99f38') in 0.066958 seconds
  Import took 0.070424 seconds .

========================================================================
Received Import Request.
  Time since last request: 493.064228 seconds.
  path: Assets/Animations/Mixamo/Zombie Stand Up.fbx
  artifactKey: Guid(4f6b5611733dc194586111a633d10fdd) Importer(815301076,1909f56bfc062723c751e8b465ee728b)
Start importing Assets/Animations/Mixamo/Zombie Stand Up.fbx using Guid(4f6b5611733dc194586111a633d10fdd) Importer(815301076,1909f56bfc062723c751e8b465ee728b)  -> (artifact id: '48ceabc7e6f02e19e26dd9dd31dc41ee') in 0.039530 seconds
  Import took 0.042542 seconds .

========================================================================
Received Import Request.
  Time since last request: 0.004812 seconds.
  path: Assets/Animations/Mixamo/Zombie Stand Up.fbx
  artifactKey: Guid(4f6b5611733dc194586111a633d10fdd) Importer(815301076,1909f56bfc062723c751e8b465ee728b)
Start importing Assets/Animations/Mixamo/Zombie Stand Up.fbx using Guid(4f6b5611733dc194586111a633d10fdd) Importer(815301076,1909f56bfc062723c751e8b465ee728b)  -> (artifact id: '48ceabc7e6f02e19e26dd9dd31dc41ee') in 0.034206 seconds
  Import took 0.036938 seconds .

========================================================================
Received Import Request.
  Time since last request: 3.781964 seconds.
  path: Assets/Animations/Mixamo/mixamo.com.anim
  artifactKey: Guid(1d944d9f71160f54eaa3f46d76c47c35) Importer(815301076,1909f56bfc062723c751e8b465ee728b)
Start importing Assets/Animations/Mixamo/mixamo.com.anim using Guid(1d944d9f71160f54eaa3f46d76c47c35) Importer(815301076,1909f56bfc062723c751e8b465ee728b)  -> (artifact id: '25192fb127e30efe21ef770722392759') in 0.010070 seconds
  Import took 0.013644 seconds .

========================================================================
Received Import Request.
  Time since last request: 35.245112 seconds.
  path: Assets/Animations/Mixamo/Lay Noticed.anim
  artifactKey: Guid(1d944d9f71160f54eaa3f46d76c47c35) Importer(815301076,1909f56bfc062723c751e8b465ee728b)
Start importing Assets/Animations/Mixamo/Lay Noticed.anim using Guid(1d944d9f71160f54eaa3f46d76c47c35) Importer(815301076,1909f56bfc062723c751e8b465ee728b)  -> (artifact id: '451b45b4d4a6c2d013b136b33f1c8e7c') in 0.078740 seconds
  Import took 0.081583 seconds .

========================================================================
Received Import Request.
  Time since last request: 1.435856 seconds.
  path: Assets/Animations/Mixamo/Lay Noticed.anim
  artifactKey: Guid(1d944d9f71160f54eaa3f46d76c47c35) Importer(815301076,1909f56bfc062723c751e8b465ee728b)
Start importing Assets/Animations/Mixamo/Lay Noticed.anim using Guid(1d944d9f71160f54eaa3f46d76c47c35) Importer(815301076,1909f56bfc062723c751e8b465ee728b)  -> (artifact id: '49b99e2e30515de6d6f4304b182cacae') in 0.007947 seconds
  Import took 0.011649 seconds .

========================================================================
Received Prepare
Registering precompiled user dll's ...
Registered in 0.000799 seconds.
Begin MonoManager ReloadAssembly
Native extension for WindowsStandalone target not found
Native extension for WebGL target not found
Refreshing native plugins compatible for Editor in 0.25 ms, found 0 plugins.
Preloading 0 native plugins for Editor in 0.00 ms.
Invoked RoslynAnalysisRunner static constructor.
RoslynAnalysisRunner will not be running.
RoslynAnalysisRunner has terminated.
Mono: successfully reloaded assembly
- Completed reload, in  0.892 seconds
Platform modules already initialized, skipping
Refreshing native plugins compatible for Editor in 0.25 ms, found 0 plugins.
Preloading 0 native plugins for Editor in 0.00 ms.
Unloading 1096 Unused Serialized files (Serialized files now loaded: 0)
System memory in use before: 72.5 MB.
System memory in use after: 72.6 MB.

Unloading 5 unused Assets to reduce memory usage. Loaded Objects now: 1591.
Total: 1.937200 ms (FindLiveObjects: 0.248500 ms CreateObjectMapping: 0.069800 ms MarkObjects: 1.543700 ms  DeleteObjects: 0.074300 ms)

========================================================================
Received Prepare
Registering precompiled user dll's ...
Registered in 0.001025 seconds.
Begin MonoManager ReloadAssembly
Native extension for WindowsStandalone target not found
Native extension for WebGL target not found
Refreshing native plugins compatible for Editor in 0.20 ms, found 0 plugins.
Preloading 0 native plugins for Editor in 0.00 ms.
Invoked RoslynAnalysisRunner static constructor.
RoslynAnalysisRunner will not be running.
RoslynAnalysisRunner has terminated.
Mono: successfully reloaded assembly
- Completed reload, in  0.815 seconds
Platform modules already initialized, skipping
Refreshing native plugins compatible for Editor in 0.20 ms, found 0 plugins.
Preloading 0 native plugins for Editor in 0.00 ms.
Unloading 1096 Unused Serialized files (Serialized files now loaded: 0)
System memory in use before: 72.9 MB.
System memory in use after: 73.0 MB.

Unloading 5 unused Assets to reduce memory usage. Loaded Objects now: 1593.
Total: 1.666400 ms (FindLiveObjects: 0.126700 ms CreateObjectMapping: 0.034900 ms MarkObjects: 1.430600 ms  DeleteObjects: 0.072600 ms)

========================================================================
Received Import Request.
  Time since last request: 214.883543 seconds.
  path: Assets/Animations/Zed_1_Skinned.controller
  artifactKey: Guid(3658b462c8045c742b9facafe0d2ea43) Importer(815301076,1909f56bfc062723c751e8b465ee728b)
Start importing Assets/Animations/Zed_1_Skinned.controller using Guid(3658b462c8045c742b9facafe0d2ea43) Importer(815301076,1909f56bfc062723c751e8b465ee728b)  -> (artifact id: '7fd7d8d24fbc00df28f889c36b95f194') in 0.100072 seconds
  Import took 0.103060 seconds .

========================================================================
Received Prepare
Registering precompiled user dll's ...
Registered in 0.001168 seconds.
Begin MonoManager ReloadAssembly
Native extension for WindowsStandalone target not found
Native extension for WebGL target not found
Refreshing native plugins compatible for Editor in 0.27 ms, found 0 plugins.
Preloading 0 native plugins for Editor in 0.00 ms.
Invoked RoslynAnalysisRunner static constructor.
RoslynAnalysisRunner will not be running.
RoslynAnalysisRunner has terminated.
Mono: successfully reloaded assembly
- Completed reload, in  1.140 seconds
Platform modules already initialized, skipping
Refreshing native plugins compatible for Editor in 0.23 ms, found 0 plugins.
Preloading 0 native plugins for Editor in 0.00 ms.
Unloading 1096 Unused Serialized files (Serialized files now loaded: 0)
System memory in use before: 73.0 MB.
System memory in use after: 73.1 MB.

Unloading 5 unused Assets to reduce memory usage. Loaded Objects now: 1595.
Total: 2.021300 ms (FindLiveObjects: 0.228900 ms CreateObjectMapping: 0.086900 ms MarkObjects: 1.634100 ms  DeleteObjects: 0.069800 ms)

========================================================================
Received Import Request.
  Time since last request: 255.567908 seconds.
  path: Assets/Animations/Mixamo/Zombie Crawl (1).fbx
  artifactKey: Guid(292f5b9ea82d54d4ba10b5a5418300f3) Importer(815301076,1909f56bfc062723c751e8b465ee728b)
Start importing Assets/Animations/Mixamo/Zombie Crawl (1).fbx using Guid(292f5b9ea82d54d4ba10b5a5418300f3) Importer(815301076,1909f56bfc062723c751e8b465ee728b)  -> (artifact id: '3500b3eb15c3f3dbc1c2ec08846376b8') in 0.117325 seconds
  Import took 0.120894 seconds .

========================================================================
Received Import Request.
  Time since last request: 3.145455 seconds.
  path: Assets/Animations/Mixamo/mixamo.com.anim
  artifactKey: Guid(c0479b7babeaf3745836a117fed34280) Importer(815301076,1909f56bfc062723c751e8b465ee728b)
Start importing Assets/Animations/Mixamo/mixamo.com.anim using Guid(c0479b7babeaf3745836a117fed34280) Importer(815301076,1909f56bfc062723c751e8b465ee728b)  -> (artifact id: '43df2ff353bf2554dfcf9383e79ef83b') in 0.016013 seconds
  Import took 0.018347 seconds .

========================================================================
Received Import Request.
  Time since last request: 10.368272 seconds.
  path: Assets/Animations/Mixamo/Zombie Crawl Stationary.anim
  artifactKey: Guid(c0479b7babeaf3745836a117fed34280) Importer(815301076,1909f56bfc062723c751e8b465ee728b)
Start importing Assets/Animations/Mixamo/Zombie Crawl Stationary.anim using Guid(c0479b7babeaf3745836a117fed34280) Importer(815301076,1909f56bfc062723c751e8b465ee728b)  -> (artifact id: 'fef25f0e13c4f2af6f6564a34aaf15ea') in 0.075685 seconds
  Import took 0.078446 seconds .

========================================================================
Received Import Request.
  Time since last request: 33.774821 seconds.
  path: Assets/Animations/Zed_1_Skinned.controller
  artifactKey: Guid(3658b462c8045c742b9facafe0d2ea43) Importer(815301076,1909f56bfc062723c751e8b465ee728b)
Start importing Assets/Animations/Zed_1_Skinned.controller using Guid(3658b462c8045c742b9facafe0d2ea43) Importer(815301076,1909f56bfc062723c751e8b465ee728b)  -> (artifact id: '93a55a2425c0a88ed6ce3fa78e3f9a3e') in 0.094283 seconds
  Import took 0.096959 seconds .

========================================================================
Received Prepare
Registering precompiled user dll's ...
Registered in 0.001079 seconds.
Begin MonoManager ReloadAssembly
Native extension for WindowsStandalone target not found
Native extension for WebGL target not found
Refreshing native plugins compatible for Editor in 0.33 ms, found 0 plugins.
Preloading 0 native plugins for Editor in 0.00 ms.
Invoked RoslynAnalysisRunner static constructor.
RoslynAnalysisRunner will not be running.
RoslynAnalysisRunner has terminated.
Mono: successfully reloaded assembly
- Completed reload, in  0.917 seconds
Platform modules already initialized, skipping
Refreshing native plugins compatible for Editor in 0.24 ms, found 0 plugins.
Preloading 0 native plugins for Editor in 0.00 ms.
Unloading 1096 Unused Serialized files (Serialized files now loaded: 0)
System memory in use before: 73.6 MB.
System memory in use after: 73.6 MB.

Unloading 5 unused Assets to reduce memory usage. Loaded Objects now: 1598.
Total: 1.904300 ms (FindLiveObjects: 0.291000 ms CreateObjectMapping: 0.070600 ms MarkObjects: 1.475800 ms  DeleteObjects: 0.065500 ms)

========================================================================
Received Import Request.
  Time since last request: 94.612569 seconds.
  path: Assets/Animations/Mixamo/Low Crawl.fbx
  artifactKey: Guid(61ad726c3bccf1144b3096503a61d10b) Importer(815301076,1909f56bfc062723c751e8b465ee728b)
Start importing Assets/Animations/Mixamo/Low Crawl.fbx using Guid(61ad726c3bccf1144b3096503a61d10b) Importer(815301076,1909f56bfc062723c751e8b465ee728b)  -> (artifact id: '4173b02bf28b9320626b26bd65c9c067') in 0.094813 seconds
  Import took 0.097260 seconds .

========================================================================
Received Import Request.
  Time since last request: 2.289558 seconds.
  path: Assets/Animations/Mixamo/mixamo.com.anim
  artifactKey: Guid(ca9d1335f10073048bd1dba20ed42a07) Importer(815301076,1909f56bfc062723c751e8b465ee728b)
Start importing Assets/Animations/Mixamo/mixamo.com.anim using Guid(ca9d1335f10073048bd1dba20ed42a07) Importer(815301076,1909f56bfc062723c751e8b465ee728b)  -> (artifact id: '8f0666ecba6ddafd6dbf4c7f37d92412') in 0.006791 seconds
  Import took 0.009095 seconds .

========================================================================
Received Import Request.
  Time since last request: 6.669611 seconds.
  path: Assets/Animations/Mixamo/Low Crawl.anim
  artifactKey: Guid(ca9d1335f10073048bd1dba20ed42a07) Importer(815301076,1909f56bfc062723c751e8b465ee728b)
Start importing Assets/Animations/Mixamo/Low Crawl.anim using Guid(ca9d1335f10073048bd1dba20ed42a07) Importer(815301076,1909f56bfc062723c751e8b465ee728b)  -> (artifact id: '7efa6bf3341c8041002b1e017a938f7d') in 0.005968 seconds
  Import took 0.008380 seconds .

========================================================================
Received Import Request.
  Time since last request: 19.579484 seconds.
  path: Assets/Animations/Mixamo/Running Crawl.fbx
  artifactKey: Guid(8f1197e89bb828c409d76db64e3a8d1c) Importer(815301076,1909f56bfc062723c751e8b465ee728b)
Start importing Assets/Animations/Mixamo/Running Crawl.fbx using Guid(8f1197e89bb828c409d76db64e3a8d1c) Importer(815301076,1909f56bfc062723c751e8b465ee728b)  -> (artifact id: '13b60e6a01a96cd0ad77277dff3f865b') in 0.029742 seconds
  Import took 0.032234 seconds .

========================================================================
Received Import Request.
  Time since last request: 2.371926 seconds.
  path: Assets/Animations/Mixamo/mixamo.com.anim
  artifactKey: Guid(a2aa4c7995fcf9044ab43ccfb6183c55) Importer(815301076,1909f56bfc062723c751e8b465ee728b)
Start importing Assets/Animations/Mixamo/mixamo.com.anim using Guid(a2aa4c7995fcf9044ab43ccfb6183c55) Importer(815301076,1909f56bfc062723c751e8b465ee728b)  -> (artifact id: '88fa2888f65877d266f7f434bdbc7dfd') in 0.007237 seconds
  Import took 0.009492 seconds .

========================================================================
Received Import Request.
  Time since last request: 32.594130 seconds.
  path: Assets/Animations/Mixamo/Running Crawl Stationary.anim
  artifactKey: Guid(a2aa4c7995fcf9044ab43ccfb6183c55) Importer(815301076,1909f56bfc062723c751e8b465ee728b)
Start importing Assets/Animations/Mixamo/Running Crawl Stationary.anim using Guid(a2aa4c7995fcf9044ab43ccfb6183c55) Importer(815301076,1909f56bfc062723c751e8b465ee728b)  -> (artifact id: '41923d54660ff80922932c351f269831') in 0.074056 seconds
  Import took 0.076116 seconds .

========================================================================
Received Import Request.
  Time since last request: 354.527777 seconds.
  path: Assets/Animations/Mixamo/mixamo.com.anim
  artifactKey: Guid(101605c39eac2044ab63f9426fe2b620) Importer(815301076,1909f56bfc062723c751e8b465ee728b)
Start importing Assets/Animations/Mixamo/mixamo.com.anim using Guid(101605c39eac2044ab63f9426fe2b620) Importer(815301076,1909f56bfc062723c751e8b465ee728b)  -> (artifact id: '2e71f0757c972c862f506c3e0ed6b7e5') in 0.015040 seconds
  Import took 0.017707 seconds .

========================================================================
Received Import Request.
  Time since last request: 14.346246 seconds.
  path: Assets/Animations/Mixamo/Low Crawl.anim
  artifactKey: Guid(ca9d1335f10073048bd1dba20ed42a07) Importer(815301076,1909f56bfc062723c751e8b465ee728b)
Start importing Assets/Animations/Mixamo/Low Crawl.anim using Guid(ca9d1335f10073048bd1dba20ed42a07) Importer(815301076,1909f56bfc062723c751e8b465ee728b)  -> (artifact id: 'ef65298372d72ad9f5f204766b185238') in 1.848828 seconds
  Import took 3.167451 seconds .

AssetImportWorkerClient::OnTransportError - code=2 error=End of file
